0:100  0:100  MemLog inited, TSC freq: 4008546750
0:100  0:000  CPU was calibrated with RTC
0:100  0:000  
0:100  0:000  Now is 20.6.2019,  9:53:37 (GMT)
0:100  0:000  Starting Clover revision: 4701.RM-4963.24249(ca6cca7c.a0344119e7)  on American Megatrends EFI
0:100  0:000  Build with: [Args: -mc --no-usb -D NO_GRUB_DRIVERS_EMBEDDED -t XCODE8 | -D DISABLE_USB_SUPPORT -D NO_GRUB_DRIVERS_EMBEDDED --conf=/Users/rehabman/Projects/clover.git/src/edk2/Conf -D USE_BIOS_BLOCKIO -D USE_LOW_EBDA -a X64 -b RELEASE -t XCODE8 -n 9 | OS: 10.14 | XCODE: 9.4.1]
0:100  0:000  SelfDevicePath=PciRoot(0x0)\Pci(0x17,0x0)\Sata(0x4,0xFFFF,0x0)\HD(1,GPT,686C2671-E6CF-4656-88E9-699AEA734FF4,0x28,0x64000) @84CF3818
0:100  0:000  SelfDirPath = \EFI\BOOT
0:108  0:008  === [ Get Smbios ] ========================================
0:108  0:000  Type 16 Index = 0
0:108  0:000  Total Memory Slots Count = 4
0:108  0:000  Type 17 Index = 0
0:108  0:000  Ignoring insane frequency value 0MHz
0:108  0:000  SmbiosTable.Type17->Speed = 0MHz
0:108  0:000  SmbiosTable.Type17->Size = 0MB
0:108  0:000  SmbiosTable.Type17->Bank/Device = BANK 0 ChannelA-DIMM0
0:108  0:000  SmbiosTable.Type17->Vendor = <null string>
0:108  0:000  SmbiosTable.Type17->SerialNumber = <null string>
0:108  0:000  SmbiosTable.Type17->PartNumber = <null string>
0:108  0:000  Type 17 Index = 1
0:108  0:000  Ignoring insane frequency value 0MHz
0:108  0:000  SmbiosTable.Type17->Speed = 0MHz
0:108  0:000  SmbiosTable.Type17->Size = 0MB
0:108  0:000  SmbiosTable.Type17->Bank/Device = BANK 1 ChannelA-DIMM1
0:108  0:000  SmbiosTable.Type17->Vendor = <null string>
0:108  0:000  SmbiosTable.Type17->SerialNumber = <null string>
0:108  0:000  SmbiosTable.Type17->PartNumber = <null string>
0:108  0:000  Type 17 Index = 2
0:108  0:000  SmbiosTable.Type17->Speed = 2400MHz
0:108  0:000  SmbiosTable.Type17->Size = 8192MB
0:108  0:000  SmbiosTable.Type17->Bank/Device = BANK 2 ChannelB-DIMM0
0:108  0:000  SmbiosTable.Type17->Vendor = Kingston
0:108  0:000  SmbiosTable.Type17->SerialNumber = EB04CB3A
0:108  0:000  SmbiosTable.Type17->PartNumber = KHX2400C15/8G       
0:108  0:000  Type 17 Index = 3
0:108  0:000  Ignoring insane frequency value 0MHz
0:108  0:000  SmbiosTable.Type17->Speed = 0MHz
0:108  0:000  SmbiosTable.Type17->Size = 0MB
0:108  0:000  SmbiosTable.Type17->Bank/Device = BANK 3 ChannelB-DIMM1
0:108  0:000  SmbiosTable.Type17->Vendor = <null string>
0:108  0:000  SmbiosTable.Type17->SerialNumber = <null string>
0:108  0:000  SmbiosTable.Type17->PartNumber = <null string>
0:108  0:000  Boot status=0
0:108  0:000  Running on: 'H370 WIFI' with board 'H370N WIFI-CF'
0:108  0:000  === [ GetCPUProperties ] ==================================
0:108  0:000  CPU Vendor = 756E6547 Model=906EB
0:108  0:000   The CPU supported SSE4.1
0:108  0:000  BrandString = Intel(R) Core(TM) i3-8350K CPU @ 4.00GHz
0:108  0:000   The CPU supported turbo
0:108  0:000  MSR 0x35               40004
0:108  0:000   TSC/CCC Information Leaf:
0:108  0:000    numerator     : 334
0:108  0:000    denominator   : 2
0:108  0:000   Calibrated ARTFrequency: 24003273
0:108  0:000  MSR 0xE2 before patch 1E008000
0:108  0:000  MSR 0xE2 is locked, PM patches will be turned on
0:108  0:000  MSR 0xCE              00080838_F1012800
0:108  0:000  FSBFrequency = 99 MHz, DMI FSBFrequency = 100 MHz, Corrected FSBFrequency = 100 MHz
0:108  0:000  MaxDiv/MinDiv: 40.0/8
0:108  0:000  Turbo: 40/40/40/40
0:108  0:000  Features: 0xBFEBFBFF
0:108  0:000  Threads: 4
0:108  0:000  Cores: 4
0:108  0:000  FSB: 100 MHz
0:108  0:000  CPU: 3960 MHz
0:108  0:000  TSC: 3960 MHz
0:108  0:000  PIS: 100 MHz
0:108  0:000  ExternalClock: 25 MHz
0:108  0:000  === [ GetDevices ] ========================================
0:108  0:000  PCI (00|00:00.00) : 8086 3E1F class=060000
0:108  0:000  PCI (00|00:02.00) : 8086 3E91 class=030000
0:108  0:000   - GFX: Model=Intel UHD Graphics 630 (Intel)
0:108  0:000  PCI (00|00:12.00) : 8086 A379 class=118000
0:108  0:000  PCI (00|00:14.00) : 8086 A36D class=0C0330
0:108  0:000  PCI (00|00:14.02) : 8086 A36F class=050000
0:108  0:000  PCI (00|00:14.03) : 8086 A370 class=028000
0:108  0:000   - WIFI: Vendor=Intel
0:108  0:000  PCI (00|00:16.00) : 8086 A360 class=078000
0:108  0:000  PCI (00|00:17.00) : 8086 A352 class=010601
0:108  0:000  PCI (00|00:1C.00) : 8086 A33D class=060400
0:108  0:000  PCI (00|01:00.00) : 8086 1539 class=020000
0:108  0:000   - LAN: 0 Vendor=Intel
0:108  0:000  PCI (00|00:1D.00) : 8086 A330 class=060400
0:108  0:000  PCI (00|00:1F.00) : 8086 A304 class=060100
0:108  0:000  PCI (00|00:1F.03) : 8086 A348 class=040300
0:108  0:000  PCI (00|00:1F.04) : 8086 A323 class=0C0500
0:108  0:000  PCI (00|00:1F.05) : 8086 A324 class=0C8000
0:108  0:000  PCI (00|00:1F.06) : 8086 15BC class=020000
0:108  0:000   - LAN: 1 Vendor=Intel
0:108  0:000  === [ GetDefaultSettings ] ================================
0:108  0:000  Clover load options size = 0 bytes
0:114  0:005  EFI\CLOVER\config.plist loaded: Success
0:114  0:000  === [ GetListOfThemes ] ===================================
0:116  0:001  - [00]: random
0:118  0:001  - [00]: embedded
0:121  0:003  === [ Found config plists ] ===============================
0:122  0:001  - config.plist
0:123  0:000  === [ GetEarlyUserSettings ] ==============================
0:123  0:000  timeout set to 3
0:123  0:000  Custom boot CUSTOM_BOOT_DISABLED (0x0)
0:142  0:018  KextsToPatch: 4 requested
0:150  0:008   - [00]: AppleAHCIPort (External icons patch) :: BinPatch :: data len: 8
0:183  0:033   - [01]: com.apple.iokit.IOUSBHostFamily (USB Port Limit Patch 1) :: BinPatch :: data len: 9
0:219  0:035   - [02]: com.apple.driver.usb.AppleUSBXHCI (USB Port Limit Patch 2) :: BinPatch :: data len: 10
0:253  0:033   - [03]: com.apple.iokit.IOUSBHostFamily (USB Port Limit Patch 3) :: BinPatch :: data len: 8
0:285  0:032  Default theme: tonymacx86
0:293  0:008  Hiding entries with string Windows
0:301  0:007  Hiding entries with string BOOTX64.EFI
0:309  0:007  === [ LoadDrivers ] =======================================
0:669  0:360  Loading DataHubDxe-64.efi  status=Success
0:710  0:040  Loading FSInject-64.efi  status=Success
0:737  0:027  Loading ApfsDriverLoader-64.efi  status=Success
0:765  0:028   - driver needs connecting
0:773  0:008  Loading AppleImageLoader-64.efi  status=Success
0:800  0:026  Loading SMCHelper-64.efi  status=Success
0:827  0:027  Loading AptioMemoryFix-64.efi  status=Success
0:855  0:027  Loading NvmExpressDxe-64.efi  status=Success
0:884  0:028   - driver needs connecting
0:896  0:011  2 drivers needs connecting ...
0:911  0:014  PlatformDriverOverrideProtocol->GetDriver overriden
0:922  0:011  APFS driver loaded
0:931  0:008  Searching for invalid DiskIo BY_DRIVER connects: not found, all ok
1:311  0:379  === [ InitScreen ] ========================================
1:662  0:350  SetScreenResolution: 1920x1080 - setting Mode 4
1:945  0:282  Video mode change to mode #4: Success
1:953  0:008  Console modes reported: 6, available modes:
1:962  0:008   - [01]: 80x25 (current mode)
1:973  0:011   - [02]: 80x50
1:982  0:008   - [03]: 100x31
1:990  0:007   - [04]: 127x33
1:999  0:008   - [06]: 120x50
2:007  0:008  SetScreenResolution: 1920x1080 - already set
2:023  0:016  reinit: self device path=PciRoot(0x0)\Pci(0x17,0x0)\Sata(0x4,0xFFFF,0x0)\HD(1,GPT,686C2671-E6CF-4656-88E9-699AEA734FF4,0x28,0x64000)
2:034  0:010  Using embedded font: Success
2:042  0:008  === [ GetMacAddress ] =====================================
2:363  0:320  MAC address of LAN #0= E0:D5:5E:8F:DD:8E:
2:432  0:068  MAC address of LAN #1= E0:D5:5E:8F:DD:8F:
2:498  0:066  === [ ScanSPD ] ===========================================
2:869  0:370  SMBus device : 8086 A323 class=0C0500 status=Success
2:877  0:008  SMBus CmdReg: 0x3
2:885  0:007  Scanning SMBus [8086:A323], mmio: 0xA123C004, ioport: 0xEFA0, hostc: 0x11
2:893  0:008  Slots to scan [8]...
2:902  0:008  SPD[2]: Type 12 @0x52
2:927  0:025  XMP Profile1: 7*125 -42 ns
2:936  0:008  Found module with XMP version 2.0
2:944  0:008  DDR speed 2400MHz
2:955  0:011  Slot: 2 Type 26 8192MB 2400MHz Vendor=Kingston PartNo=KHX2400C158G SerialNo=0E0B00040C0B030A
2:964  0:008  === [ GetAcpiTablesList ] =================================
3:300  0:335  Get Acpi Tables List from RSDT:
3:341  0:041   - [00]: FACP  A M I len=132
3:353  0:012   - [01]: APIC  A M I len=132
3:365  0:011   - [02]: FPDT  A M I len=68
3:374  0:009   - [03]: FIDT  A M I len=156
3:386  0:011   - [04]: MCFG  A M I len=60
3:397  0:010   - [05]: SSDT  A M I len=516
3:411  0:014   - [06]: SSDT  A M I len=6101
3:421  0:009   - [07]: SSDT  A M I len=32508
3:433  0:012   - [08]: SSDT  A M I len=12743
3:442  0:008   - [09]: HPET  A M I len=56
3:451  0:009   - [10]: SSDT  A M I len=7137
3:464  0:013   - [11]: SSDT  A M I len=3998
3:475  0:010   - [12]: SSDT  A M I len=11547
3:487  0:011   - [13]: UEFI  A M I len=66
3:496  0:009   - [14]: LPIT  A M I len=92
3:511  0:014   - [15]: SSDT  A M I len=10206
3:524  0:012   - [16]: SSDT  A M I len=4094
3:534  0:009   - [17]: DBGP  A M I len=52
3:550  0:016   - [18]: DBG2  A M I len=84
3:562  0:011   - [19]: WSMT  A M I len=40
3:574  0:012  Calibrated TSC Frequency = 4008546750 = 4008MHz
3:586  0:011  === [ GetUserSettings ] ===================================
3:984  0:397  USB FixOwnership: no
3:992  0:007  Dropping 1 tables:
3:999  0:007   - [00]: Drop table  signature="MATS" (5354414D)
4:065  0:065           - set table: 5354414D,                0 to drop: no
4:081  0:016   - final DSDT Fix mask=00000000
4:090  0:008  Using ProductName from config: iMac14,2
4:101  0:011  BiosVersion: not set, Using BiosVersion from clover
4:110  0:008  BiosVersion: IM142.88Z.0131.B00.1809171347
4:118  0:008  BiosReleaseDate: 09/17/2018
4:126  0:008  Using FirmwareFeatures from clover: 0xE00FE137
4:135  0:008  Using FirmwareFeaturesMask from clover: 0xFF1FFF3F
4:143  0:008  Using PlatformFeature from clover: 0x1
4:154  0:010  === [ Found DSDT tables ] =================================
4:451  0:297  === [ ScanVolumes ] =======================================
4:793  0:341  Found 7 volumes with blockIO
4:801  0:008  - [00]: Volume: PciRoot(0x0)\Pci(0x17,0x0)\Sata(0x4,0xFFFF,0x0)
4:818  0:016  - [01]: Volume: PciRoot(0x0)\Pci(0x17,0x0)\Sata(0x4,0xFFFF,0x0)\HD(1,GPT,686C2671-E6CF-4656-88E9-699AEA734FF4,0x28,0x64000)
4:847  0:029          Result of bootcode detection: bootable unknown (legacy)
4:857  0:009          This is SelfVolume !!
4:865  0:008  - [02]: Volume: PciRoot(0x0)\Pci(0x17,0x0)\Sata(0x4,0xFFFF,0x0)\HD(2,GPT,6B1C5ABB-E32A-438B-95A2-95A6055935D1,0x64028,0x1BEC0460)
4:886  0:020          Result of bootcode detection: bootable unknown (legacy)
4:894  0:007  - [03]: Volume: PciRoot(0x0)\Pci(0x17,0x0)\Sata(0x4,0xFFFF,0x0)\HD(2,GPT,6B1C5ABB-E32A-438B-95A2-95A6055935D1,0x64028,0x1BEC0460)\VenMedia(BE74FCF7-0B7C-49F3-9147-01F4042E6842,B2168E2EE27B3640B41A593700DF363D)
4:910  0:016  - [04]: Volume: PciRoot(0x0)\Pci(0x17,0x0)\Sata(0x4,0xFFFF,0x0)\HD(2,GPT,6B1C5ABB-E32A-438B-95A2-95A6055935D1,0x64028,0x1BEC0460)\VenMedia(BE74FCF7-0B7C-49F3-9147-01F4042E6842,5289F39DEBDF6C39AC88441E2CF50F50)
4:930  0:019  - [05]: Volume: PciRoot(0x0)\Pci(0x17,0x0)\Sata(0x4,0xFFFF,0x0)\HD(2,GPT,6B1C5ABB-E32A-438B-95A2-95A6055935D1,0x64028,0x1BEC0460)\VenMedia(BE74FCF7-0B7C-49F3-9147-01F4042E6842,C7CAFA04C7A1A349BB7182CE963C45AA)
4:947  0:016  - [06]: Volume: PciRoot(0x0)\Pci(0x17,0x0)\Sata(0x4,0xFFFF,0x0)\HD(2,GPT,6B1C5ABB-E32A-438B-95A2-95A6055935D1,0x64028,0x1BEC0460)\VenMedia(BE74FCF7-0B7C-49F3-9147-01F4042E6842,6A186CC21BCFB94DB23A69D60342800C)
4:966  0:019  === [ InitTheme ] =========================================
5:318  0:351   using embedded theme
5:326  0:008  Using embedded font: Success
5:335  0:008  Chosen embedded theme
5:343  0:008  after NVRAM boot-args=-v dart=0 nv_disable=1 kext-dev-mode=1
5:351  0:007  Scanning legacy ...
5:359  0:008  === [ Dump SMC keys from NVRAM ] ==========================
5:595  0:235  found AppleSMC protocol
5:621  0:026  Registered 0 SMC keys
5:642  0:020  === [ ScanLoader ] ========================================
5:991  0:349  - [01]: 'EFI'
6:039  0:047          AddLoaderEntry for Volume Name=EFI
6:047  0:008          skipped because entry is hidden
6:055  0:008  - [03]: 'Preboot'
6:089  0:033          AddLoaderEntry for Volume Name=Preboot
6:115  0:026      Check if volume Is Hibernated:
6:123  0:008      Check sleep image 'by signature':
6:132  0:009      using default sleep image name = \private\var\vm\sleepimage
6:141  0:008      sleepimage not found -> Not Found
6:150  0:008      hibernated: no - sign
6:170  0:020          AddLoaderEntry for Volume Name=Preboot
6:247  0:076  - [04]: 'MACOS'
6:425  0:178          AddLoaderEntry for Volume Name=MACOS
6:471  0:045      Check if volume Is Hibernated:
6:479  0:008      Check sleep image 'by signature':
6:533  0:054      read prefs \Library\Preferences\com.apple.PowerManagement.plist status=Success
6:542  0:008      using default sleep image name = \private\var\vm\sleepimage
6:572  0:029      sleepimage not found -> Not Found
6:584  0:011      hibernated: no - sign
6:656  0:071  - [05]: 'Recovery'
6:684  0:028          AddLoaderEntry for Volume Name=Recovery
6:731  0:046  - [06]: 'VM'
6:748  0:017  === [ AddCustomTool ] =====================================
7:072  0:323  found tool \EFI\CLOVER\tools\Shell64U.efi
7:080  0:008  Checking EFI partition Volume 1 for Clover
7:091  0:010   Found Clover
7:100  0:009  === [ GetEfiBootDeviceFromNvram ] =========================
7:322  0:222  Default boot entry not found
7:334  0:011  DefaultIndex=-1 and MainMenu.EntryCount=10
7:418  0:084  GUI ready
20:007  12:589  BootVariable of the entry is empty
20:021  0:013  === [ StartLoader ] =======================================
20:362  0:341  Finally: ExternalClock=26MHz BusSpeed=100214kHz CPUFreq=4009MHz PIS: hw.busfrequency=104000000Hz
20:378  0:016  Loading boot.efi  status=Success
20:486  0:107  GetOSVersion: 10.14.5 (18F132)
20:502  0:015  CSR_CFG: CSR_ALLOW_UNTRUSTED_KEXTS | CSR_ALLOW_UNRESTRICTED_FS | CSR_ALLOW_TASK_FOR_PID | CSR_ALLOW_UNRESTRICTED_DTRACE | CSR_ALLOW_UNRESTRICTED_NVRAM
20:513  0:011  Filtering KextPatches:
20:521  0:008   - [00]: AppleAHCIPort (External icons patch) :: BinPatch :: [OS: 10.14.5 | MatchOS: All | MatchBuild: All] ==> allowed
20:537  0:016   - [01]: com.apple.iokit.IOUSBHostFamily (USB Port Limit Patch 1) :: BinPatch :: [OS: 10.14.5 | MatchOS: All | MatchBuild: All] ==> allowed
20:554  0:016   - [02]: com.apple.driver.usb.AppleUSBXHCI (USB Port Limit Patch 2) :: BinPatch :: [OS: 10.14.5 | MatchOS: All | MatchBuild: All] ==> allowed
20:573  0:019   - [03]: com.apple.iokit.IOUSBHostFamily (USB Port Limit Patch 3) :: BinPatch :: [OS: 10.14.5 | MatchOS: All | MatchBuild: All] ==> allowed
20:592  0:018  Will not patch boot.efi
20:600  0:008  === [ PatchSmbios ] =======================================
20:946  0:345  insert table 9 for dev 1F:6
20:954  0:007  insert table 9 for dev 14:3
20:963  0:009  Channels: 1
20:971  0:007  Interleave: 0 1 2 3 4 5 6 7 8 9 10 11 12 13 14 15 16 17 18 19 20 21 22 23
21:194  0:222  SMBIOS Type 17 Index = 0 => 0 0:
21:203  0:008  BANK 0 DIMM0 EMPTY
21:211  0:008  SMBIOS Type 17 Index = 1 => 1 1:
21:219  0:008  BANK 0 DIMM1 EMPTY
21:228  0:008  SMBIOS Type 17 Index = 2 => 2 2:
21:235  0:007  BANK 0 DIMM2 2400MHz 8192MB
21:243  0:007  SMBIOS Type 17 Index = 3 => 3 3:
21:251  0:008  BANK 0 DIMM3 EMPTY
21:259  0:007  mTotalSystemMemory = 8192
21:267  0:007  NumberOfMemoryDevices = 4
21:275  0:008  Type20[0]->End = 0x7FFFFF, Type17[2] = 0x2000
21:283  0:008  Table 131 is present, CPUType=31
21:295  0:011  Change to: 905
21:303  0:007  === [ PatchACPI ] =========================================
21:657  0:354  Xsdt reallocation done
21:665  0:008  old FADT length=114
21:674  0:008   SignatureFixup: 0xAE1A791F -> 0x0
21:684  0:010  Apply DsdtFixMask=0x00000000
21:693  0:008     drop _DSM mask=0xFFFF
21:700  0:007  === [ FixBiosDsdt ] =======================================
22:042  0:342  VideoCard devID=0x3E918086
22:050  0:008  DisplayADR1[0] = 0x20000, DisplayADR2[0] = 0xFFFE
22:062  0:011  USBADR[0] = 0x140000 and PCIe = 0xFFFE
22:070  0:008  Audio HDA (addr:0x1F0003) setting specified layout-id=1 (0x1)
22:078  0:008    0 replacements
22:087  0:008  first CPU found at A729 offset A72C
22:095  0:008  score candidate at A725
22:103  0:007  score inserted in acpi_cpu_score _SB_
22:112  0:008  Found ACPI CPU: PR00 | PR01 | PR02 | PR03 | PR04 | PR05 | PR06 | PR07 | PR08 | PR09 | PR10 | PR11 | PR12 | PR13 | PR14 | PR15 , within the score: _SB_
22:254  0:142  PreCleanup XSDT: count=20, length=196
22:263  0:008  PreCleanup XSDT, corrected XSDT: count=20, length=196
22:271  0:008  === [ ACPIPatchedAML ] ====================================
22:591  0:319  AutoMerge pass 1
22:598  0:007  Unsorted
22:607  0:008  Inserting SSDT-USBX.aml from EFI\CLOVER\ACPI\patched: ignore on pass 1
22:623  0:016  Inserting SSDT-UIAC.aml from EFI\CLOVER\ACPI\patched: ignore on pass 1
22:639  0:016  Inserting SSDT-EC.aml from EFI\CLOVER\ACPI\patched: ignore on pass 1
22:659  0:019  === [ ACPIDropTables ] ====================================
22:973  0:314    0 replacements
22:981  0:007    0 replacements
22:989  0:008  Found OperationRegion(PNVS, SystemMemory, 82902000, ...)
22:998  0:008    0 replacements
23:005  0:007  Found OperationRegion(GGGT, SystemMemory, 895BB118, ...)
23:014  0:008    0 replacements
23:022  0:008  Found OperationRegion(SANV, SystemMemory, 8952DD18, ...)
23:031  0:008    0 replacements
23:038  0:007    0 replacements
23:047  0:008    0 replacements
23:058  0:010    0 replacements
23:067  0:008    0 replacements
23:075  0:008  === [ ACPIPatchedAML ] ====================================
23:391  0:316  AutoMerge pass 2
23:399  0:007  Unsorted
23:407  0:008  Inserting SSDT-USBX.aml from EFI\CLOVER\ACPI\patched: size=185 ... Success
23:433  0:026  Inserting SSDT-UIAC.aml from EFI\CLOVER\ACPI\patched: size=726 ... Success
23:459  0:025  Inserting SSDT-EC.aml from EFI\CLOVER\ACPI\patched: size=63 ... Success
23:484  0:025  CPUBase=0 and ApicCPUBase=1 ApicCPUNum=1
23:496  0:011  Cleanup XSDT: count=23, length=220
23:504  0:007  corrected XSDT count=23, length=220
23:513  0:009  === [ RestSetup macOS ] ===================================
23:819  0:305  Intel UHD Graphics 630 [8086:3E91] :: PciRoot(0x0)\Pci(0x2,0x0)
23:828  0:009    Found Full HD Display - 16:9 :: Width=1920 Height=1080
23:837  0:008    Beginning DualLink auto-detection
23:845  0:007    High Resolution Display
23:854  0:008    AAPL00,DualLink = 1
23:862  0:008    FakeID Intel GFX = 0x12345678
23:874  0:011    ig-platform-id: not set
23:882  0:008    Beginning Intel GFX auto-detection with ACPI injection
23:890  0:008    Found ig-platform-id = 0x3E920000
23:899  0:008  Intel GFX revision  = 0x0
23:907  0:008   RCBA disabled; cannot use it
23:916  0:008   setting specified layout-id=1 (0x1)
23:923  0:007  stringlength = 1214
23:932  0:008  CurrentMode: Width=1920 Height=1080
23:940  0:007  Beginning FSInjection
23:968  0:028  Use origin smbios table type 1 guid.
24:021  0:052  Preparing kexts injection for arch=x86_64 from EFI\CLOVER\kexts\Other
24:028  0:007  Extra kext: EFI\CLOVER\kexts\Other\USBPorts.kext (v.1.0)
24:040  0:012  Custom boot screen not used because entry has unset use graphics
24:049  0:009  Closing log
0:100  0:100  MemLog inited, TSC freq: 4008545890
0:100  0:000  CPU was calibrated with RTC
0:100  0:000  
0:100  0:000  Now is 20.6.2019,  10:1:44 (GMT)
0:100  0:000  Starting Clover revision: 4701.RM-4963.24249(ca6cca7c.a0344119e7)  on American Megatrends EFI
0:100  0:000  Build with: [Args: -mc --no-usb -D NO_GRUB_DRIVERS_EMBEDDED -t XCODE8 | -D DISABLE_USB_SUPPORT -D NO_GRUB_DRIVERS_EMBEDDED --conf=/Users/rehabman/Projects/clover.git/src/edk2/Conf -D USE_BIOS_BLOCKIO -D USE_LOW_EBDA -a X64 -b RELEASE -t XCODE8 -n 9 | OS: 10.14 | XCODE: 9.4.1]
0:100  0:000  SelfDevicePath=PciRoot(0x0)\Pci(0x17,0x0)\Sata(0x4,0xFFFF,0x0)\HD(1,GPT,686C2671-E6CF-4656-88E9-699AEA734FF4,0x28,0x64000) @84CF2998
0:100  0:000  SelfDirPath = \EFI\BOOT
0:108  0:007  === [ Get Smbios ] ========================================
0:108  0:000  Type 16 Index = 0
0:108  0:000  Total Memory Slots Count = 4
0:108  0:000  Type 17 Index = 0
0:108  0:000  Ignoring insane frequency value 0MHz
0:108  0:000  SmbiosTable.Type17->Speed = 0MHz
0:108  0:000  SmbiosTable.Type17->Size = 0MB
0:108  0:000  SmbiosTable.Type17->Bank/Device = BANK 0 ChannelA-DIMM0
0:108  0:000  SmbiosTable.Type17->Vendor = <null string>
0:108  0:000  SmbiosTable.Type17->SerialNumber = <null string>
0:108  0:000  SmbiosTable.Type17->PartNumber = <null string>
0:108  0:000  Type 17 Index = 1
0:108  0:000  Ignoring insane frequency value 0MHz
0:108  0:000  SmbiosTable.Type17->Speed = 0MHz
0:108  0:000  SmbiosTable.Type17->Size = 0MB
0:108  0:000  SmbiosTable.Type17->Bank/Device = BANK 1 ChannelA-DIMM1
0:108  0:000  SmbiosTable.Type17->Vendor = <null string>
0:108  0:000  SmbiosTable.Type17->SerialNumber = <null string>
0:108  0:000  SmbiosTable.Type17->PartNumber = <null string>
0:108  0:000  Type 17 Index = 2
0:108  0:000  SmbiosTable.Type17->Speed = 2400MHz
0:108  0:000  SmbiosTable.Type17->Size = 8192MB
0:108  0:000  SmbiosTable.Type17->Bank/Device = BANK 2 ChannelB-DIMM0
0:108  0:000  SmbiosTable.Type17->Vendor = Kingston
0:108  0:000  SmbiosTable.Type17->SerialNumber = EB04CB3A
0:108  0:000  SmbiosTable.Type17->PartNumber = KHX2400C15/8G       
0:108  0:000  Type 17 Index = 3
0:108  0:000  Ignoring insane frequency value 0MHz
0:108  0:000  SmbiosTable.Type17->Speed = 0MHz
0:108  0:000  SmbiosTable.Type17->Size = 0MB
0:108  0:000  SmbiosTable.Type17->Bank/Device = BANK 3 ChannelB-DIMM1
0:108  0:000  SmbiosTable.Type17->Vendor = <null string>
0:108  0:000  SmbiosTable.Type17->SerialNumber = <null string>
0:108  0:000  SmbiosTable.Type17->PartNumber = <null string>
0:108  0:000  Boot status=0
0:108  0:000  Running on: 'H370 WIFI' with board 'H370N WIFI-CF'
0:108  0:000  === [ GetCPUProperties ] ==================================
0:108  0:000  CPU Vendor = 756E6547 Model=906EB
0:108  0:000   The CPU supported SSE4.1
0:108  0:000  BrandString = Intel(R) Core(TM) i3-8350K CPU @ 4.00GHz
0:108  0:000   The CPU supported turbo
0:108  0:000  MSR 0x35               40004
0:108  0:000   TSC/CCC Information Leaf:
0:108  0:000    numerator     : 334
0:108  0:000    denominator   : 2
0:108  0:000   Calibrated ARTFrequency: 24003268
0:108  0:000  MSR 0xE2 before patch 1E008000
0:108  0:000  MSR 0xE2 is locked, PM patches will be turned on
0:108  0:000  MSR 0xCE              00080838_F1012800
0:108  0:000  FSBFrequency = 99 MHz, DMI FSBFrequency = 100 MHz, Corrected FSBFrequency = 100 MHz
0:108  0:000  MaxDiv/MinDiv: 40.0/8
0:108  0:000  Turbo: 40/40/40/40
0:108  0:000  Features: 0xBFEBFBFF
0:108  0:000  Threads: 4
0:108  0:000  Cores: 4
0:108  0:000  FSB: 100 MHz
0:108  0:000  CPU: 3960 MHz
0:108  0:000  TSC: 3960 MHz
0:108  0:000  PIS: 100 MHz
0:108  0:000  ExternalClock: 25 MHz
0:108  0:000  === [ GetDevices ] ========================================
0:108  0:000  PCI (00|00:00.00) : 8086 3E1F class=060000
0:108  0:000  PCI (00|00:02.00) : 8086 3E91 class=030000
0:108  0:000   - GFX: Model=Intel UHD Graphics 630 (Intel)
0:108  0:000  PCI (00|00:12.00) : 8086 A379 class=118000
0:108  0:000  PCI (00|00:14.00) : 8086 A36D class=0C0330
0:108  0:000  PCI (00|00:14.02) : 8086 A36F class=050000
0:108  0:000  PCI (00|00:14.03) : 8086 A370 class=028000
0:108  0:000   - WIFI: Vendor=Intel
0:108  0:000  PCI (00|00:16.00) : 8086 A360 class=078000
0:108  0:000  PCI (00|00:17.00) : 8086 A352 class=010601
0:108  0:000  PCI (00|00:1C.00) : 8086 A33D class=060400
0:108  0:000  PCI (00|01:00.00) : 8086 1539 class=020000
0:108  0:000   - LAN: 0 Vendor=Intel
0:108  0:000  PCI (00|00:1D.00) : 8086 A330 class=060400
0:108  0:000  PCI (00|00:1F.00) : 8086 A304 class=060100
0:108  0:000  PCI (00|00:1F.03) : 8086 A348 class=040300
0:108  0:000  PCI (00|00:1F.04) : 8086 A323 class=0C0500
0:108  0:000  PCI (00|00:1F.05) : 8086 A324 class=0C8000
0:108  0:000  PCI (00|00:1F.06) : 8086 15BC class=020000
0:108  0:000   - LAN: 1 Vendor=Intel
0:108  0:000  === [ GetDefaultSettings ] ================================
0:108  0:000  Clover load options size = 0 bytes
0:114  0:005  EFI\CLOVER\config.plist loaded: Success
0:114  0:000  === [ GetListOfThemes ] ===================================
0:115  0:001  - [00]: random
0:117  0:001  - [00]: embedded
0:121  0:003  === [ Found config plists ] ===============================
0:122  0:001  - config.plist
0:124  0:001  === [ GetEarlyUserSettings ] ==============================
0:124  0:000  timeout set to 3
0:124  0:000  Custom boot CUSTOM_BOOT_DISABLED (0x0)
0:138  0:013  KextsToPatch: 4 requested
0:145  0:007   - [00]: AppleAHCIPort (External icons patch) :: BinPatch :: data len: 8
0:177  0:031   - [01]: com.apple.iokit.IOUSBHostFamily (USB Port Limit Patch 1) :: BinPatch :: data len: 9
0:210  0:033   - [02]: com.apple.driver.usb.AppleUSBXHCI (USB Port Limit Patch 2) :: BinPatch :: data len: 10
0:242  0:032   - [03]: com.apple.iokit.IOUSBHostFamily (USB Port Limit Patch 3) :: BinPatch :: data len: 8
0:301  0:059  Default theme: tonymacx86
0:309  0:007  Hiding entries with string Windows
0:317  0:007  Hiding entries with string BOOTX64.EFI
0:325  0:007  === [ LoadDrivers ] =======================================
0:658  0:333  Loading DataHubDxe-64.efi  status=Success
0:688  0:030  Loading FSInject-64.efi  status=Success
0:715  0:026  Loading ApfsDriverLoader-64.efi  status=Success
0:741  0:026   - driver needs connecting
0:752  0:010  Loading AppleImageLoader-64.efi  status=Success
0:780  0:027  Loading SMCHelper-64.efi  status=Success
0:806  0:026  Loading AptioMemoryFix-64.efi  status=Success
0:833  0:026  Loading NvmExpressDxe-64.efi  status=Success
0:860  0:027   - driver needs connecting
0:869  0:008  2 drivers needs connecting ...
0:877  0:008  PlatformDriverOverrideProtocol->GetDriver overriden
0:885  0:007  APFS driver loaded
0:893  0:007  Searching for invalid DiskIo BY_DRIVER connects: not found, all ok
1:276  0:383  === [ InitScreen ] ========================================
1:611  0:334  SetScreenResolution: 1920x1080 - setting Mode 4
1:895  0:284  Video mode change to mode #4: Success
1:903  0:007  Console modes reported: 6, available modes:
1:911  0:007   - [01]: 80x25 (current mode)
1:919  0:007   - [02]: 80x50
1:927  0:007   - [03]: 100x31
1:935  0:008   - [04]: 127x33
1:943  0:007   - [06]: 120x50
1:951  0:008  SetScreenResolution: 1920x1080 - already set
1:968  0:016  reinit: self device path=PciRoot(0x0)\Pci(0x17,0x0)\Sata(0x4,0xFFFF,0x0)\HD(1,GPT,686C2671-E6CF-4656-88E9-699AEA734FF4,0x28,0x64000)
1:981  0:013  Using embedded font: Success
1:989  0:008  === [ GetMacAddress ] =====================================
2:303  0:313  MAC address of LAN #0= E0:D5:5E:8F:DD:8E:
2:367  0:063  MAC address of LAN #1= E0:D5:5E:8F:DD:8F:
2:430  0:063  === [ ScanSPD ] ===========================================
2:856  0:425  SMBus device : 8086 A323 class=0C0500 status=Success
2:865  0:009  SMBus CmdReg: 0x3
2:883  0:018  Scanning SMBus [8086:A323], mmio: 0xA123C004, ioport: 0xEFA0, hostc: 0x11
2:893  0:009  Slots to scan [8]...
2:903  0:010  SPD[2]: Type 12 @0x52
2:932  0:028  XMP Profile1: 7*125 -42 ns
2:943  0:011  Found module with XMP version 2.0
2:953  0:009  DDR speed 2400MHz
2:965  0:011  Slot: 2 Type 26 8192MB 2400MHz Vendor=Kingston PartNo=KHX2400C158G SerialNo=0E0B00040C0B030A
2:975  0:010  === [ GetAcpiTablesList ] =================================
3:311  0:335  Get Acpi Tables List from RSDT:
3:330  0:019   - [00]: FACP  A M I len=132
3:340  0:009   - [01]: APIC  A M I len=132
3:349  0:008   - [02]: FPDT  A M I len=68
3:357  0:007   - [03]: FIDT  A M I len=156
3:365  0:007   - [04]: MCFG  A M I len=60
3:373  0:008   - [05]: SSDT  A M I len=516
3:381  0:008   - [06]: SSDT  A M I len=6101
3:388  0:007   - [07]: SSDT  A M I len=32508
3:396  0:007   - [08]: SSDT  A M I len=12743
3:404  0:007   - [09]: HPET  A M I len=56
3:412  0:007   - [10]: SSDT  A M I len=7137
3:423  0:011   - [11]: SSDT  A M I len=3998
3:431  0:007   - [12]: SSDT  A M I len=11547
3:440  0:008   - [13]: UEFI  A M I len=66
3:448  0:007   - [14]: LPIT  A M I len=92
3:456  0:008   - [15]: SSDT  A M I len=10206
3:471  0:014   - [16]: SSDT  A M I len=4094
3:482  0:011   - [17]: DBGP  A M I len=52
3:490  0:007   - [18]: DBG2  A M I len=84
3:498  0:007   - [19]: WSMT  A M I len=40
3:506  0:008  Calibrated TSC Frequency = 4008545890 = 4008MHz
3:514  0:007  === [ GetUserSettings ] ===================================
3:819  0:305  Add 1 devices:
3:827  0:007  USB FixOwnership: no
3:834  0:007  Dropping 1 tables:
3:843  0:008   - [00]: Drop table  signature="MATS" (5354414D)
3:906  0:063           - set table: 5354414D,                0 to drop: no
3:922  0:015   - final DSDT Fix mask=00000000
3:930  0:007  PatchesDSDT: 4 requested
3:938  0:008   - [00]: (change EHC1 to EH01) lenToFind: 4, lenToReplace: 4, Target Bridge: <null string>
3:978  0:039   - [01]: (change EHC2 to EH02) lenToFind: 4, lenToReplace: 4, Target Bridge: <null string>
4:023  0:044   - [02]: (XHCI -> XHC) lenToFind: 4, lenToReplace: 3, Target Bridge: <null string>
4:063  0:040   - [03]: (XHC1 -> XHC) lenToFind: 4, lenToReplace: 3, Target Bridge: <null string>
4:104  0:040  Using ProductName from config: Macmini8,1
4:112  0:007  Found same BiosVersion in clover and config
4:120  0:008  BiosVersion: IM131.88Z.F000.B00.1809171346
4:128  0:007  BiosReleaseDate: 09/17/2018
4:135  0:007  Using FirmwareFeatures from clover: 0xE00DE137
4:147  0:011  Using FirmwareFeaturesMask from clover: 0xFF1FFF3F
4:155  0:008  Using PlatformFeature from clover: 0x1
4:165  0:010  === [ Found DSDT tables ] =================================
4:457  0:291  === [ ScanVolumes ] =======================================
4:784  0:327  Found 7 volumes with blockIO
4:792  0:008  - [00]: Volume: PciRoot(0x0)\Pci(0x17,0x0)\Sata(0x4,0xFFFF,0x0)
4:809  0:016  - [01]: Volume: PciRoot(0x0)\Pci(0x17,0x0)\Sata(0x4,0xFFFF,0x0)\HD(1,GPT,686C2671-E6CF-4656-88E9-699AEA734FF4,0x28,0x64000)
4:828  0:019          Result of bootcode detection: bootable unknown (legacy)
4:837  0:008          This is SelfVolume !!
4:845  0:008  - [02]: Volume: PciRoot(0x0)\Pci(0x17,0x0)\Sata(0x4,0xFFFF,0x0)\HD(2,GPT,6B1C5ABB-E32A-438B-95A2-95A6055935D1,0x64028,0x1BEC0460)
4:861  0:016          Result of bootcode detection: bootable unknown (legacy)
4:869  0:008  - [03]: Volume: PciRoot(0x0)\Pci(0x17,0x0)\Sata(0x4,0xFFFF,0x0)\HD(2,GPT,6B1C5ABB-E32A-438B-95A2-95A6055935D1,0x64028,0x1BEC0460)\VenMedia(BE74FCF7-0B7C-49F3-9147-01F4042E6842,B2168E2EE27B3640B41A593700DF363D)
4:888  0:019  - [04]: Volume: PciRoot(0x0)\Pci(0x17,0x0)\Sata(0x4,0xFFFF,0x0)\HD(2,GPT,6B1C5ABB-E32A-438B-95A2-95A6055935D1,0x64028,0x1BEC0460)\VenMedia(BE74FCF7-0B7C-49F3-9147-01F4042E6842,5289F39DEBDF6C39AC88441E2CF50F50)
4:904  0:015  - [05]: Volume: PciRoot(0x0)\Pci(0x17,0x0)\Sata(0x4,0xFFFF,0x0)\HD(2,GPT,6B1C5ABB-E32A-438B-95A2-95A6055935D1,0x64028,0x1BEC0460)\VenMedia(BE74FCF7-0B7C-49F3-9147-01F4042E6842,C7CAFA04C7A1A349BB7182CE963C45AA)
4:924  0:019  - [06]: Volume: PciRoot(0x0)\Pci(0x17,0x0)\Sata(0x4,0xFFFF,0x0)\HD(2,GPT,6B1C5ABB-E32A-438B-95A2-95A6055935D1,0x64028,0x1BEC0460)\VenMedia(BE74FCF7-0B7C-49F3-9147-01F4042E6842,6A186CC21BCFB94DB23A69D60342800C)
4:940  0:015  === [ InitTheme ] =========================================
5:304  0:364   using embedded theme
5:317  0:012  Using embedded font: Success
5:329  0:011  Chosen embedded theme
5:342  0:012  after NVRAM boot-args=-v slide=0 dart=0
5:353  0:011  Scanning legacy ...
5:366  0:012  === [ Dump SMC keys from NVRAM ] ==========================
5:692  0:326  found AppleSMC protocol
5:736  0:043  Registered 16 SMC keys
5:748  0:012  === [ ScanLoader ] ========================================
6:206  0:457  - [01]: 'EFI'
6:254  0:047          AddLoaderEntry for Volume Name=EFI
6:262  0:007          skipped because entry is hidden
6:270  0:007  - [03]: 'Preboot'
6:302  0:032          AddLoaderEntry for Volume Name=Preboot
6:328  0:025      Check if volume Is Hibernated:
6:339  0:011      Check sleep image 'by signature':
6:349  0:009      using default sleep image name = \private\var\vm\sleepimage
6:357  0:008      sleepimage not found -> Not Found
6:365  0:008      hibernated: no - sign
6:382  0:016          AddLoaderEntry for Volume Name=Preboot
6:438  0:056  - [04]: 'MACOS'
6:617  0:178          AddLoaderEntry for Volume Name=MACOS
6:662  0:044      Check if volume Is Hibernated:
6:670  0:008      Check sleep image 'by signature':
6:730  0:060      read prefs \Library\Preferences\com.apple.PowerManagement.plist status=Success
6:738  0:007      using default sleep image name = \private\var\vm\sleepimage
6:769  0:030      sleepimage not found -> Not Found
6:776  0:007      hibernated: no - sign
6:848  0:071  - [05]: 'Recovery'
6:877  0:029          AddLoaderEntry for Volume Name=Recovery
6:923  0:046  - [06]: 'VM'
6:940  0:016  === [ AddCustomTool ] =====================================
7:254  0:313  found tool \EFI\CLOVER\tools\Shell64U.efi
7:265  0:011  Checking EFI partition Volume 1 for Clover
7:276  0:010   Found Clover
7:284  0:008  === [ GetEfiBootDeviceFromNvram ] =========================
7:499  0:214  Default boot entry not found
7:507  0:007  DefaultIndex=-1 and MainMenu.EntryCount=10
7:592  0:085  GUI ready
18:010  10:417  BootVariable of the entry is empty
18:023  0:013  === [ StartLoader ] =======================================
18:354  0:330  Finally: ExternalClock=26MHz BusSpeed=100214kHz CPUFreq=4009MHz PIS: hw.busfrequency=104000000Hz
18:374  0:019  Loading boot.efi  status=Success
18:481  0:107  GetOSVersion: 10.14.5 (18F132)
18:497  0:015  CSR_CFG: CSR_ALLOW_UNTRUSTED_KEXTS | CSR_ALLOW_UNRESTRICTED_FS | CSR_ALLOW_TASK_FOR_PID | CSR_ALLOW_UNRESTRICTED_DTRACE | CSR_ALLOW_UNRESTRICTED_NVRAM
18:505  0:007  Filtering KextPatches:
18:513  0:007   - [00]: AppleAHCIPort (External icons patch) :: BinPatch :: [OS: 10.14.5 | MatchOS: All | MatchBuild: All] ==> allowed
18:528  0:015   - [01]: com.apple.iokit.IOUSBHostFamily (USB Port Limit Patch 1) :: BinPatch :: [OS: 10.14.5 | MatchOS: All | MatchBuild: All] ==> allowed
18:548  0:019   - [02]: com.apple.driver.usb.AppleUSBXHCI (USB Port Limit Patch 2) :: BinPatch :: [OS: 10.14.5 | MatchOS: All | MatchBuild: All] ==> allowed
18:564  0:015   - [03]: com.apple.iokit.IOUSBHostFamily (USB Port Limit Patch 3) :: BinPatch :: [OS: 10.14.5 | MatchOS: All | MatchBuild: All] ==> allowed
18:581  0:017  Will not patch boot.efi
18:589  0:007  === [ PatchSmbios ] =======================================
18:922  0:332  insert table 9 for dev 1F:6
18:930  0:007  insert table 9 for dev 14:3
18:939  0:009  Channels: 1
18:947  0:007  Interleave: 0 1 2 3 4 5 6 7 8 9 10 11 12 13 14 15 16 17 18 19 20 21 22 23
19:156  0:209  SMBIOS Type 17 Index = 0 => 0 0:
19:164  0:007  BANK 0 DIMM0 EMPTY
19:173  0:008  SMBIOS Type 17 Index = 1 => 1 1:
19:181  0:007  BANK 0 DIMM1 EMPTY
19:189  0:007  SMBIOS Type 17 Index = 2 => 2 2:
19:196  0:007  BANK 0 DIMM2 2400MHz 8192MB
19:205  0:008  SMBIOS Type 17 Index = 3 => 3 3:
19:219  0:013  BANK 0 DIMM3 EMPTY
19:227  0:008  mTotalSystemMemory = 8192
19:235  0:008  NumberOfMemoryDevices = 4
19:244  0:008  Type20[0]->End = 0x7FFFFF, Type17[2] = 0x2000
19:251  0:007  Table 131 is present, CPUType=31
19:259  0:008  Change to: 905
19:268  0:008  === [ PatchACPI ] =========================================
19:613  0:345  Xsdt reallocation done
19:622  0:008  old FADT length=114
19:630  0:007   SignatureFixup: 0xAE1A791F -> 0x0
19:641  0:010  Apply DsdtFixMask=0x00000000
19:652  0:011     drop _DSM mask=0xFFFF
19:660  0:007  === [ FixBiosDsdt ] =======================================
19:985  0:324  VideoCard devID=0x3E918086
19:993  0:008  DisplayADR1[0] = 0x20000, DisplayADR2[0] = 0xFFFE
20:001  0:007  USBADR[0] = 0x140000 and PCIe = 0xFFFE
20:009  0:007  Audio HDA (addr:0x1F0003) setting specified layout-id=1 (0x1)
20:017  0:007  Patching DSDT:
20:025  0:007   - [change EHC1 to EH01]: pattern 45484331, bin not found / already patched!
20:052  0:027   - [change EHC2 to EH02]: pattern 45484332, bin not found / already patched!
20:076  0:024   - [XHCI -> XHC]: pattern 58484349, patched at: [ (E4A0)found outer method _DSM begin=E4A9 end=E4D3
20:116  0:039   ]
20:124  0:008   - [XHC1 -> XHC]: pattern 58484331, bin not found / already patched!
20:148  0:023    0 replacements
20:156  0:007  first CPU found at A729 offset A72C
20:164  0:008  score candidate at A725
20:175  0:010  score inserted in acpi_cpu_score _SB_
20:187  0:011  Found ACPI CPU: PR00 | PR01 | PR02 | PR03 | PR04 | PR05 | PR06 | PR07 | PR08 | PR09 | PR10 | PR11 | PR12 | PR13 | PR14 | PR15 , within the score: _SB_
20:327  0:140  PreCleanup XSDT: count=20, length=196
20:335  0:007  PreCleanup XSDT, corrected XSDT: count=20, length=196
20:343  0:008  === [ ACPIPatchedAML ] ====================================
20:645  0:301  AutoMerge pass 1
20:653  0:007  Unsorted
20:661  0:007  Inserting SSDT-USBX.aml from EFI\CLOVER\ACPI\patched: ignore on pass 1
20:679  0:017  Inserting SSDT-UIAC.aml from EFI\CLOVER\ACPI\patched: ignore on pass 1
20:697  0:018  Inserting SSDT-EC.aml from EFI\CLOVER\ACPI\patched: ignore on pass 1
20:713  0:015  === [ ACPIDropTables ] ====================================
21:014  0:300  0. [change EHC1 to EH01]: pattern 45484331, bin not found / already patched!
21:037  0:023  1. [change EHC2 to EH02]: pattern 45484332, bin not found / already patched!
21:062  0:024  2. [XHCI -> XHC]: pattern 58484349, bin not found / already patched!
21:085  0:023  3. [XHC1 -> XHC]: pattern 58484331, bin not found / already patched!
21:112  0:027    0 replacements
21:120  0:007  0. [change EHC1 to EH01]: pattern 45484331, bin not found / already patched!
21:147  0:027  1. [change EHC2 to EH02]: pattern 45484332, bin not found / already patched!
21:171  0:023  2. [XHCI -> XHC]: pattern 58484349, bin not found / already patched!
21:194  0:023  3. [XHC1 -> XHC]: pattern 58484331, bin not found / already patched!
21:219  0:025    0 replacements
21:227  0:007  Found OperationRegion(PNVS, SystemMemory, 82902000, ...)
21:239  0:011  0. [change EHC1 to EH01]: pattern 45484331, bin not found / already patched!
21:264  0:024  1. [change EHC2 to EH02]: pattern 45484332, bin not found / already patched!
21:287  0:023  2. [XHCI -> XHC]: pattern 58484349, bin not found / already patched!
21:311  0:024  3. [XHC1 -> XHC]: pattern 58484331, bin not found / already patched!
21:335  0:023    0 replacements
21:343  0:008  Found OperationRegion(GGGT, SystemMemory, 895BB118, ...)
21:355  0:011  0. [change EHC1 to EH01]: pattern 45484331, bin not found / already patched!
21:379  0:024  1. [change EHC2 to EH02]: pattern 45484332, bin not found / already patched!
21:403  0:023  2. [XHCI -> XHC]: pattern 58484349, bin not found / already patched!
21:427  0:024  3. [XHC1 -> XHC]: pattern 58484331, bin not found / already patched!
21:451  0:024    0 replacements
21:459  0:007  Found OperationRegion(SANV, SystemMemory, 8952DD18, ...)
21:467  0:008  0. [change EHC1 to EH01]: pattern 45484331, bin not found / already patched!
21:494  0:027  1. [change EHC2 to EH02]: pattern 45484332, bin not found / already patched!
21:518  0:023  2. [XHCI -> XHC]: pattern 58484349, bin not found / already patched!
21:542  0:023  3. [XHC1 -> XHC]: pattern 58484331, bin not found / already patched!
21:566  0:024    0 replacements
21:574  0:007  0. [change EHC1 to EH01]: pattern 45484331, bin not found / already patched!
21:597  0:023  1. [change EHC2 to EH02]: pattern 45484332, bin not found / already patched!
21:624  0:026  2. [XHCI -> XHC]: pattern 58484349, bin not found / already patched!
21:648  0:023  3. [XHC1 -> XHC]: pattern 58484331, bin not found / already patched!
21:672  0:023    0 replacements
21:680  0:008  0. [change EHC1 to EH01]: pattern 45484331, bin not found / already patched!
21:704  0:023  1. [change EHC2 to EH02]: pattern 45484332, bin not found / already patched!
21:727  0:023  2. [XHCI -> XHC]: pattern 58484349, bin not found / already patched!
21:752  0:024  3. [XHC1 -> XHC]: pattern 58484331, bin not found / already patched!
21:781  0:028    0 replacements
21:788  0:007  0. [change EHC1 to EH01]: pattern 45484331, bin not found / already patched!
21:812  0:023  1. [change EHC2 to EH02]: pattern 45484332, bin not found / already patched!
21:836  0:023  2. [XHCI -> XHC]: pattern 58484349, bin not found / already patched!
21:859  0:023  3. [XHC1 -> XHC]: pattern 58484331, bin not found / already patched!
21:884  0:024    0 replacements
21:891  0:007  0. [change EHC1 to EH01]: pattern 45484331, bin not found / already patched!
21:919  0:027  1. [change EHC2 to EH02]: pattern 45484332, bin not found / already patched!
21:943  0:024  2. [XHCI -> XHC]: pattern 58484349, bin not found / already patched!
21:967  0:023  3. [XHC1 -> XHC]: pattern 58484331, bin not found / already patched!
21:991  0:024    0 replacements
22:000  0:008  === [ ACPIPatchedAML ] ====================================
22:320  0:320  AutoMerge pass 2
22:328  0:008  Unsorted
22:336  0:007  Inserting SSDT-USBX.aml from EFI\CLOVER\ACPI\patched: size=185 ... Success
22:364  0:028  Inserting SSDT-UIAC.aml from EFI\CLOVER\ACPI\patched: size=726 ... Success
22:389  0:024  Inserting SSDT-EC.aml from EFI\CLOVER\ACPI\patched: size=63 ... Success
22:414  0:025  CPUBase=0 and ApicCPUBase=1 ApicCPUNum=1
22:422  0:007  Cleanup XSDT: count=23, length=220
22:430  0:008  corrected XSDT count=23, length=220
22:438  0:007  === [ RestSetup macOS ] ===================================
22:733  0:295  add device: PciRoot(0x0)/Pci(0x2,0x0)
22:745  0:011     Add key=framebuffer-patch-enable valuelen=4
22:753  0:008     Add key=framebuffer-con2-pipe valuelen=4
22:761  0:007     Add key=framebuffer-con2-enable valuelen=4
22:769  0:007     Add key=framebuffer-con2-busid valuelen=4
22:777  0:008     Add key=framebuffer-con1-type valuelen=4
22:785  0:007     Add key=framebuffer-con1-pipe valuelen=4
22:792  0:007     Add key=framebuffer-con1-enable valuelen=4
22:800  0:007     Add key=framebuffer-con1-busid valuelen=4
22:812  0:011     Add key=framebuffer-con0-type valuelen=4
22:820  0:008     Add key=framebuffer-con0-pipe valuelen=4
22:828  0:007     Add key=framebuffer-con0-enable valuelen=4
22:836  0:007     Add key=framebuffer-con0-busid valuelen=4
22:843  0:007     Add key=enable-hdmi20 valuelen=4
22:851  0:007     Add key=device-id valuelen=4
22:859  0:007     Add key=AAPL,ig-platform-id valuelen=4
22:867  0:007  Intel GFX injection not set
22:875  0:007   RCBA disabled; cannot use it
22:883  0:007   setting specified layout-id=1 (0x1)
22:894  0:011  stringlength = 2284
22:902  0:007  CurrentMode: Width=1920 Height=1080
22:909  0:007  Beginning FSInjection
22:925  0:015  Use origin smbios table type 1 guid.
22:948  0:022  Preparing kexts injection for arch=x86_64 from EFI\CLOVER\kexts\Other
22:956  0:008  Extra kext: EFI\CLOVER\kexts\Other\USBPorts.kext (v.1.0)
22:967  0:011  Custom boot screen not used because entry has unset use graphics
22:976  0:008  Closing log
